(11:37:55.309) INFO: [TadState] TAD state init (NONE)
(11:45:55.896) INFO: [TadModel] DSF session ID 0 has started
(11:46:03.649) INFO: [TadState] TAD state changed from DEBUG_STARTED to DEBUG_INIT_0 (Suspended, USER_REQUEST)
(11:46:07.223) INFO: [TadState] TAD state changed from DEBUG_INIT_0 to DEBUG_INIT_1 (Resumed, USER_REQUEST)
(11:46:07.258) INFO: [TadState] TAD state changed from DEBUG_INIT_1 to DEBUG_SUSPENDED (Suspended, BREAKPOINT)
(11:46:10.775) INFO: [TadState] TAD state changed from DEBUG_SUSPENDED to DEBUG_RESUMED (Resumed, USER_REQUEST)
(12:11:58.401) INFO: [TadState] TAD state changed from DEBUG_RESUMED to READY (Suspended, SIGNAL)
(12:11:58.936) ReadingException: com.freescale.mqx.gdb.tad.model.globalstatus.TadGlobalStatusFactory.isMqxDataValid() at 60.line "readLongVariableSafely(_mqx_kernel_data)"
(12:11:58.937) ERROR: [TadGlobalStatusFactory] Kernel Data NOT valid (pointer: 0x0000)
(12:11:58.938) ERROR: [TadGlobalStatusFactory] MQX data not valid!
(12:11:58.938) INFO: [TadModel$3] Loading of TAD Global Status took 526 ms
(12:11:58.938) INFO: [TadGlobalStatusController] TAD global status data is ready!
(12:11:59.863) INFO: [TadModel] DSF session ID 0 has ended
(12:14:13.610) INFO: [TadModel] DSF session ID 1 has started
(12:14:18.720) INFO: [TadState] TAD state changed from DEBUG_STARTED to DEBUG_INIT_0 (Suspended, USER_REQUEST)
(12:14:22.326) INFO: [TadState] TAD state changed from DEBUG_INIT_0 to DEBUG_INIT_1 (Resumed, USER_REQUEST)
(12:14:22.368) INFO: [TadState] TAD state changed from DEBUG_INIT_1 to DEBUG_SUSPENDED (Suspended, BREAKPOINT)
(12:14:24.208) INFO: [TadState] TAD state changed from DEBUG_SUSPENDED to DEBUG_RESUMED (Resumed, USER_REQUEST)
(12:28:36.466) INFO: [TadState] TAD state changed from DEBUG_RESUMED to READY (Suspended, SIGNAL)
(12:28:36.980) ReadingException: com.freescale.mqx.gdb.tad.model.globalstatus.TadGlobalStatusFactory.isMqxDataValid() at 60.line "readLongVariableSafely(_mqx_kernel_data)"
(12:28:36.980) ERROR: [TadGlobalStatusFactory] Kernel Data NOT valid (pointer: 0x0000)
(12:28:36.981) ERROR: [TadGlobalStatusFactory] MQX data not valid!
(12:28:36.981) INFO: [TadModel$3] Loading of TAD Global Status took 508 ms
(12:28:36.981) INFO: [TadGlobalStatusController] TAD global status data is ready!
(12:28:37.895) INFO: [TadModel] DSF session ID 1 has ended
(12:37:02.332) INFO: [TadModel] DSF session ID 2 has started
(12:37:07.822) INFO: [TadState] TAD state changed from DEBUG_STARTED to DEBUG_INIT_0 (Suspended, USER_REQUEST)
(12:37:11.403) INFO: [TadState] TAD state changed from DEBUG_INIT_0 to DEBUG_INIT_1 (Resumed, USER_REQUEST)
(12:37:11.437) INFO: [TadState] TAD state changed from DEBUG_INIT_1 to DEBUG_SUSPENDED (Suspended, BREAKPOINT)
(12:37:12.362) INFO: [TadState] TAD state changed from DEBUG_SUSPENDED to DEBUG_RESUMED (Resumed, USER_REQUEST)
(12:40:22.314) INFO: [TadState] TAD state changed from DEBUG_RESUMED to READY (Suspended, SIGNAL)
(12:40:22.827) ReadingException: com.freescale.mqx.gdb.tad.model.globalstatus.TadGlobalStatusFactory.isMqxDataValid() at 60.line "readLongVariableSafely(_mqx_kernel_data)"
(12:40:22.827) ERROR: [TadGlobalStatusFactory] Kernel Data NOT valid (pointer: 0x0000)
(12:40:22.827) ERROR: [TadGlobalStatusFactory] MQX data not valid!
(12:40:22.827) INFO: [TadModel$3] Loading of TAD Global Status took 508 ms
(12:40:22.827) INFO: [TadGlobalStatusController] TAD global status data is ready!
(12:40:23.788) INFO: [TadModel] DSF session ID 2 has ended
(12:51:33.430) INFO: [TadModel] DSF session ID 3 has started
(12:51:38.965) INFO: [TadState] TAD state changed from DEBUG_STARTED to DEBUG_INIT_0 (Suspended, USER_REQUEST)
(12:51:42.563) INFO: [TadState] TAD state changed from DEBUG_INIT_0 to DEBUG_INIT_1 (Resumed, USER_REQUEST)
(12:51:42.596) INFO: [TadState] TAD state changed from DEBUG_INIT_1 to DEBUG_SUSPENDED (Suspended, BREAKPOINT)
(12:51:46.675) INFO: [TadState] TAD state changed from DEBUG_SUSPENDED to DEBUG_RESUMED (Resumed, USER_REQUEST)
(13:10:08.159) INFO: [TadState] TAD state changed from DEBUG_RESUMED to READY (Suspended, SIGNAL)
(13:10:08.682) ReadingException: com.freescale.mqx.gdb.tad.model.globalstatus.TadGlobalStatusFactory.isMqxDataValid() at 60.line "readLongVariableSafely(_mqx_kernel_data)"
(13:10:08.682) ERROR: [TadGlobalStatusFactory] Kernel Data NOT valid (pointer: 0x0000)
(13:10:08.682) ERROR: [TadGlobalStatusFactory] MQX data not valid!
(13:10:08.682) INFO: [TadModel$3] Loading of TAD Global Status took 514 ms
(13:10:08.682) INFO: [TadGlobalStatusController] TAD global status data is ready!
(13:10:09.599) INFO: [TadModel] DSF session ID 3 has ended
(13:10:16.907) INFO: [TadModel] DSF session ID 4 has started
(13:10:22.244) INFO: [TadState] TAD state changed from DEBUG_STARTED to DEBUG_INIT_0 (Suspended, USER_REQUEST)
(13:10:25.819) INFO: [TadState] TAD state changed from DEBUG_INIT_0 to DEBUG_INIT_1 (Resumed, USER_REQUEST)
(13:10:25.852) INFO: [TadState] TAD state changed from DEBUG_INIT_1 to DEBUG_SUSPENDED (Suspended, BREAKPOINT)
(13:10:30.022) INFO: [TadState] TAD state changed from DEBUG_SUSPENDED to DEBUG_RESUMED (Resumed, USER_REQUEST)
(13:23:48.608) INFO: [TadState] TAD state changed from DEBUG_RESUMED to READY (Suspended, SIGNAL)
(13:23:49.118) ReadingException: com.freescale.mqx.gdb.tad.model.globalstatus.TadGlobalStatusFactory.isMqxDataValid() at 60.line "readLongVariableSafely(_mqx_kernel_data)"
(13:23:49.118) ERROR: [TadGlobalStatusFactory] Kernel Data NOT valid (pointer: 0x0000)
(13:23:49.118) ERROR: [TadGlobalStatusFactory] MQX data not valid!
(13:23:49.118) INFO: [TadModel$3] Loading of TAD Global Status took 504 ms
(13:23:49.118) INFO: [TadGlobalStatusController] TAD global status data is ready!
(13:23:50.063) INFO: [TadModel] DSF session ID 4 has ended
(13:26:39.274) INFO: [TadModel] DSF session ID 5 has started
(13:26:44.318) INFO: [TadState] TAD state changed from DEBUG_STARTED to DEBUG_INIT_0 (Suspended, USER_REQUEST)
(13:26:46.269) INFO: [TadState] TAD state changed from DEBUG_INIT_0 to DEBUG_INIT_1 (Resumed, USER_REQUEST)
(13:26:46.302) INFO: [TadState] TAD state changed from DEBUG_INIT_1 to DEBUG_SUSPENDED (Suspended, BREAKPOINT)
(13:26:48.625) INFO: [TadState] TAD state changed from DEBUG_SUSPENDED to DEBUG_RESUMED (Resumed, USER_REQUEST)
(13:30:52.305) INFO: [TadState] TAD state changed from DEBUG_RESUMED to READY (Suspended, SIGNAL)
(13:30:52.813) ReadingException: com.freescale.mqx.gdb.tad.model.globalstatus.TadGlobalStatusFactory.isMqxDataValid() at 60.line "readLongVariableSafely(_mqx_kernel_data)"
(13:30:52.813) ERROR: [TadGlobalStatusFactory] Kernel Data NOT valid (pointer: 0x0000)
(13:30:52.813) ERROR: [TadGlobalStatusFactory] MQX data not valid!
(13:30:52.813) INFO: [TadModel$3] Loading of TAD Global Status took 502 ms
(13:30:52.813) INFO: [TadGlobalStatusController] TAD global status data is ready!
