(13:34:49.650) INFO: [TadState] TAD state init (NONE)
(13:35:45.038) INFO: [TadModel] DSF session ID 0 has started
(13:35:52.119) INFO: [TadState] TAD state changed from DEBUG_STARTED to DEBUG_INIT_0 (Suspended, USER_REQUEST)
(13:35:56.229) INFO: [TadState] TAD state changed from DEBUG_INIT_0 to DEBUG_INIT_1 (Resumed, USER_REQUEST)
(13:35:56.276) INFO: [TadState] TAD state changed from DEBUG_INIT_1 to DEBUG_SUSPENDED (Suspended, BREAKPOINT)
(13:44:16.867) INFO: [TadModel] DSF session ID 1 has started
(13:44:22.304) INFO: [TadState] TAD state changed from DEBUG_STARTED to DEBUG_INIT_0 (Suspended, USER_REQUEST)
(13:44:25.908) INFO: [TadState] TAD state changed from DEBUG_INIT_0 to DEBUG_INIT_1 (Resumed, USER_REQUEST)
(13:44:25.941) INFO: [TadState] TAD state changed from DEBUG_INIT_1 to DEBUG_SUSPENDED (Suspended, BREAKPOINT)
(13:44:30.286) INFO: [TadState] TAD state changed from DEBUG_SUSPENDED to DEBUG_RESUMED (Resumed, USER_REQUEST)
(13:51:17.522) INFO: [TadState] TAD state changed from DEBUG_RESUMED to READY (Suspended, SIGNAL)
(13:51:18.047) ReadingException: com.freescale.mqx.gdb.tad.model.globalstatus.TadGlobalStatusFactory.isMqxDataValid() at 60.line "readLongVariableSafely(_mqx_kernel_data)"
(13:51:18.047) ERROR: [TadGlobalStatusFactory] Kernel Data NOT valid (pointer: 0x0000)
(13:51:18.047) ERROR: [TadGlobalStatusFactory] MQX data not valid!
(13:51:18.047) INFO: [TadModel$3] Loading of TAD Global Status took 516 ms
(13:51:18.047) INFO: [TadGlobalStatusController] TAD global status data is ready!
(13:51:18.970) INFO: [TadModel] DSF session ID 1 has ended
(13:57:11.602) INFO: [TadModel] DSF session ID 2 has started
(13:57:17.590) INFO: [TadState] TAD state changed from DEBUG_STARTED to DEBUG_INIT_0 (Suspended, USER_REQUEST)
(13:57:21.215) INFO: [TadState] TAD state changed from DEBUG_INIT_0 to DEBUG_INIT_1 (Resumed, USER_REQUEST)
(13:57:21.249) INFO: [TadState] TAD state changed from DEBUG_INIT_1 to DEBUG_SUSPENDED (Suspended, BREAKPOINT)
(13:57:34.274) INFO: [TadState] TAD state changed from DEBUG_SUSPENDED to DEBUG_RESUMED (Resumed, USER_REQUEST)
(14:01:29.772) INFO: [TadState] TAD state changed from DEBUG_RESUMED to READY (Suspended, SIGNAL)
(14:01:30.303) ReadingException: com.freescale.mqx.gdb.tad.model.globalstatus.TadGlobalStatusFactory.isMqxDataValid() at 60.line "readLongVariableSafely(_mqx_kernel_data)"
(14:01:30.303) ERROR: [TadGlobalStatusFactory] Kernel Data NOT valid (pointer: 0x0000)
(14:01:30.303) ERROR: [TadGlobalStatusFactory] MQX data not valid!
(14:01:30.303) INFO: [TadModel$3] Loading of TAD Global Status took 515 ms
(14:01:30.303) INFO: [TadGlobalStatusController] TAD global status data is ready!
